# JRE version: Java(TM) SE Runtime Environment (7.0_45-b18) (build 1.7.0_45-b18)
# Java VM: Java HotSpot(TM) 64-Bit Server VM (24.45-b08 mixed mode bsd-amd64 compressed oops)
Heap
 PSYoungGen      total 76800K, used 55775K [0x00000007aaa80000, 0x00000007b0000000, 0x0000000800000000)
  eden space 66048K, 68% used [0x00000007aaa80000,0x00000007ad67df20,0x00000007aeb00000)
  from space 10752K, 99% used [0x00000007af580000,0x00000007afff9f58,0x00000007b0000000)
  to   space 10752K, 0% used [0x00000007aeb00000,0x00000007aeb00000,0x00000007af580000)
 ParOldGen       total 174592K, used 32591K [0x0000000700000000, 0x000000070aa80000, 0x00000007aaa80000)
  object space 174592K, 18% used [0x0000000700000000,0x0000000701fd3ea0,0x000000070aa80000)
 PSPermGen       total 22016K, used 21715K [0x00000006fae00000, 0x00000006fc380000, 0x0000000700000000)
  object space 22016K, 98% used [0x00000006fae00000,0x00000006fc334ca0,0x00000006fc380000)
GC Heap History (4 events):
Event: 10.792 GC heap before
{Heap before GC invocations=1 (full 0):
 PSYoungGen      total 76800K, used 66048K [0x00000007aaa80000, 0x00000007b0000000, 0x0000000800000000)
  eden space 66048K, 100% used [0x00000007aaa80000,0x00000007aeb00000,0x00000007aeb00000)
  from space 10752K, 0% used [0x00000007af580000,0x00000007af580000,0x00000007b0000000)
  to   space 10752K, 0% used [0x00000007aeb00000,0x00000007aeb00000,0x00000007af580000)
 ParOldGen       total 174592K, used 0K [0x0000000700000000, 0x000000070aa80000, 0x00000007aaa80000)
  object space 174592K, 0% used [0x0000000700000000,0x0000000700000000,0x000000070aa80000)
 PSPermGen       total 21504K, used 13281K [0x00000006fae00000, 0x00000006fc300000, 0x0000000700000000)
  object space 21504K, 61% used [0x00000006fae00000,0x00000006fbaf8520,0x00000006fc300000)
Event: 10.811 GC heap after
Heap after GC invocations=1 (full 0):
 PSYoungGen      total 76800K, used 10744K [0x00000007aaa80000, 0x00000007b0000000, 0x0000000800000000)
  eden space 66048K, 0% used [0x00000007aaa80000,0x00000007aaa80000,0x00000007aeb00000)
  from space 10752K, 99% used [0x00000007aeb00000,0x00000007af57e008,0x00000007af580000)
  to   space 10752K, 0% used [0x00000007af580000,0x00000007af580000,0x00000007b0000000)
 ParOldGen       total 174592K, used 23319K [0x0000000700000000, 0x000000070aa80000, 0x00000007aaa80000)
  object space 174592K, 13% used [0x0000000700000000,0x00000007016c5ef8,0x000000070aa80000)
 PSPermGen       total 21504K, used 13281K [0x00000006fae00000, 0x00000006fc300000, 0x0000000700000000)
  object space 21504K, 61% used [0x00000006fae00000,0x00000006fbaf8520,0x00000006fc300000)
}
Event: 11.968 GC heap before
{Heap before GC invocations=2 (full 0):
 PSYoungGen      total 76800K, used 74517K [0x00000007aaa80000, 0x00000007b0000000, 0x0000000800000000)
  eden space 66048K, 96% used [0x00000007aaa80000,0x00000007ae8c7770,0x00000007aeb00000)
  from space 10752K, 99% used [0x00000007aeb00000,0x00000007af57e008,0x00000007af580000)
  to   space 10752K, 0% used [0x00000007af580000,0x00000007af580000,0x00000007b0000000)
 ParOldGen       total 174592K, used 23319K [0x0000000700000000, 0x000000070aa80000, 0x00000007aaa80000)
  object space 174592K, 13% used [0x0000000700000000,0x00000007016c5ef8,0x000000070aa80000)
 PSPermGen       total 21504K, used 21063K [0x00000006fae00000, 0x00000006fc300000, 0x0000000700000000)
  object space 21504K, 97% used [0x00000006fae00000,0x00000006fc291de8,0x00000006fc300000)
Event: 11.985 GC heap after
Heap after GC invocations=2 (full 0):
 PSYoungGen      total 76800K, used 10727K [0x00000007aaa80000, 0x00000007b0000000, 0x0000000800000000)
  eden space 66048K, 0% used [0x00000007aaa80000,0x00000007aaa80000,0x00000007aeb00000)
  from space 10752K, 99% used [0x00000007af580000,0x00000007afff9f58,0x00000007b0000000)
  to   space 10752K, 0% used [0x00000007aeb00000,0x00000007aeb00000,0x00000007af580000)
 ParOldGen       total 174592K, used 32591K [0x0000000700000000, 0x000000070aa80000, 0x00000007aaa80000)
  object space 174592K, 18% used [0x0000000700000000,0x0000000701fd3ea0,0x000000070aa80000)
 PSPermGen       total 21504K, used 21063K [0x00000006fae00000, 0x00000006fc300000, 0x0000000700000000)
  object space 21504K, 97% used [0x00000006fae00000,0x00000006fc291de8,0x00000006fc300000)
}

